1000, 43360, 0, 0, 0
1000, 22736, 1, 0, 0
2000, 43931, 0, 0, 0
2000, 22070, 1, 0, 0
3000, 45008, 0, 0, 0
3000, 21328, 1, 0, 0
4000, 41705, 0, 0, 0
4000, 20260, 1, 0, 0
5000, 40880, 0, 0, 0
5000, 19776, 1, 0, 0
6000, 39543, 0, 0, 0
6000, 19459, 1, 0, 0
7000, 42992, 0, 0, 0
7000, 20944, 1, 0, 0
8000, 42704, 0, 0, 0
8001, 21360, 1, 0, 0
9000, 42682, 0, 0, 0
9000, 21573, 1, 0, 0
10000, 42704, 0, 0, 0
10000, 21104, 1, 0, 0
11000, 43899, 0, 0, 0
11000, 20420, 1, 0, 0
12000, 42800, 0, 0, 0
12000, 21392, 1, 0, 0
13000, 43067, 0, 0, 0
13000, 21301, 1, 0, 0
14000, 43456, 0, 0, 0
14000, 21824, 1, 0, 0
15000, 43936, 0, 0, 0
15000, 21120, 1, 0, 0
16000, 45565, 0, 0, 0
16000, 22774, 1, 0, 0
17000, 47376, 0, 0, 0
17000, 23712, 1, 0, 0
18000, 42682, 0, 0, 0
18000, 22102, 1, 0, 0
19000, 43072, 0, 0, 0
19000, 20640, 1, 0, 0
20000, 43520, 0, 0, 0
20000, 20896, 1, 0, 0
21000, 44540, 0, 0, 0
21000, 19667, 1, 0, 0
22000, 43040, 0, 0, 0
22000, 20592, 1, 0, 0
23000, 42746, 0, 0, 0
23000, 20612, 1, 0, 0
24000, 39920, 0, 0, 0
24000, 19712, 1, 0, 0
25000, 40632, 0, 0, 0
25000, 20308, 1, 0, 0
26000, 42496, 0, 0, 0
26000, 22080, 1, 0, 0
27001, 45152, 0, 0, 0
27001, 22048, 1, 0, 0
28000, 46030, 0, 0, 0
28000, 21941, 1, 0, 0
29000, 43584, 0, 0, 0
29000, 22832, 1, 0, 0
30000, 43659, 0, 0, 0
30000, 21413, 1, 0, 0
31000, 43472, 0, 0, 0
31000, 21296, 1, 0, 0
32000, 43947, 0, 0, 0
32000, 21573, 1, 0, 0
33000, 44304, 0, 0, 0
33000, 21680, 1, 0, 0
34000, 45117, 0, 0, 0
34000, 22454, 1, 0, 0
35000, 45568, 0, 0, 0
35000, 21792, 1, 0, 0
36000, 45632, 0, 0, 0
36000, 22448, 1, 0, 0
37000, 43131, 0, 0, 0
37000, 22278, 1, 0, 0
38000, 40384, 0, 0, 0
38000, 20480, 1, 0, 0
39000, 41273, 0, 0, 0
39000, 20356, 1, 0, 0
40000, 43760, 0, 0, 0
40000, 21696, 1, 0, 0
41000, 45277, 0, 0, 0
41000, 20964, 1, 0, 0
42000, 45120, 0, 0, 0
42000, 22016, 1, 0, 0
43000, 42250, 0, 0, 0
43000, 22470, 1, 0, 0
44000, 43424, 0, 0, 0
44000, 21424, 1, 0, 0
45000, 43120, 0, 0, 0
45000, 21232, 1, 0, 0
46000, 44588, 0, 0, 0
46000, 21397, 1, 0, 0
47000, 43312, 0, 0, 0
47000, 21712, 1, 0, 0
48000, 44524, 0, 0, 0
48000, 21349, 1, 0, 0
49000, 45680, 0, 0, 0
49000, 23872, 1, 0, 0
50000, 46030, 0, 0, 0
50000, 21973, 1, 0, 0
51000, 45456, 0, 0, 0
51000, 22240, 1, 0, 0
52000, 45120, 0, 0, 0
52000, 21808, 1, 0, 0
53000, 43243, 0, 0, 0
53000, 22006, 1, 0, 0
54000, 43968, 0, 0, 0
54000, 22224, 1, 0, 0
55000, 46590, 0, 0, 0
55000, 23591, 1, 0, 0
56000, 44528, 0, 0, 0
56000, 21904, 1, 0, 0
57000, 45101, 0, 0, 0
57000, 22838, 1, 0, 0
58000, 46112, 0, 0, 0
58000, 22352, 1, 0, 0
59000, 44192, 0, 0, 0
59000, 22736, 1, 0, 0
