4000, 38844, 0, 0, 0
4000, 19356, 1, 0, 0
8000, 38312, 0, 0, 0
8000, 18604, 1, 0, 0
12001, 37212, 0, 0, 0
12001, 18388, 1, 0, 0
16000, 36717, 0, 0, 0
16000, 18204, 1, 0, 0
20000, 38012, 0, 0, 0
20000, 18792, 1, 0, 0
24000, 37953, 0, 0, 0
24000, 18120, 1, 0, 0
28000, 38300, 0, 0, 0
28000, 18584, 1, 0, 0
32000, 39012, 0, 0, 0
32000, 19504, 1, 0, 0
36000, 37257, 0, 0, 0
36000, 18612, 1, 0, 0
40000, 37789, 0, 0, 0
40000, 18396, 1, 0, 0
44000, 36276, 0, 0, 0
44000, 18232, 1, 0, 0
48000, 38032, 0, 0, 0
48000, 18488, 1, 0, 0
52000, 38725, 0, 0, 0
52000, 19348, 1, 0, 0
56000, 38045, 0, 0, 0
56000, 18724, 1, 0, 0
