4011, 96000, 0, 0, 0
4011, 47549, 1, 0, 0
8120, 97265, 0, 0, 0
8120, 48023, 1, 0, 0
12218, 96753, 0, 0, 0
12218, 46840, 1, 0, 0
16318, 96612, 0, 0, 0
16318, 47738, 1, 0, 0
20390, 96184, 0, 0, 0
20390, 47764, 1, 0, 0
24435, 96387, 0, 0, 0
24435, 47667, 1, 0, 0
28469, 96039, 0, 0, 0
28469, 48091, 1, 0, 0
32497, 95411, 0, 0, 0
32497, 47578, 1, 0, 0
36563, 96696, 0, 0, 0
36563, 47236, 1, 0, 0
40652, 96148, 0, 0, 0
40652, 47307, 1, 0, 0
44705, 94515, 0, 0, 0
44705, 47032, 1, 0, 0
48747, 95128, 0, 0, 0
48747, 47180, 1, 0, 0
52787, 96756, 0, 0, 0
52787, 47532, 1, 0, 0
56879, 96277, 0, 0, 0
56879, 47941, 1, 0, 0
