4007, 95508, 0, 0, 0
4007, 47293, 1, 0, 0
8006, 96088, 0, 0, 0
8006, 47355, 1, 0, 0
12148, 94879, 0, 0, 0
12148, 46207, 1, 0, 0
16215, 94587, 0, 0, 0
16215, 46386, 1, 0, 0
20284, 94525, 0, 0, 0
20284, 47221, 1, 0, 0
24291, 94913, 0, 0, 0
24291, 46678, 1, 0, 0
28292, 93640, 0, 0, 0
28292, 46884, 1, 0, 0
32292, 93512, 0, 0, 0
32292, 47092, 1, 0, 0
36292, 93039, 0, 0, 0
36292, 45535, 1, 0, 0
40292, 94576, 0, 0, 0
40292, 45860, 1, 0, 0
44292, 93595, 0, 0, 0
44292, 46719, 1, 0, 0
48293, 91444, 0, 0, 0
48293, 45480, 1, 0, 0
52292, 84637, 0, 0, 0
52292, 41674, 1, 0, 0
56292, 86332, 0, 0, 0
56292, 42924, 1, 0, 0
