4000, 38096, 0, 0, 0
4000, 19036, 1, 0, 0
8000, 38328, 0, 0, 0
8000, 18640, 1, 0, 0
12000, 36544, 0, 0, 0
12000, 18004, 1, 0, 0
16000, 38844, 0, 0, 0
16000, 19208, 1, 0, 0
20000, 36621, 0, 0, 0
20000, 18088, 1, 0, 0
24000, 36792, 0, 0, 0
24000, 17752, 1, 0, 0
28000, 37085, 0, 0, 0
28000, 17836, 1, 0, 0
32000, 37016, 0, 0, 0
32000, 18388, 1, 0, 0
36000, 35640, 0, 0, 0
36000, 17824, 1, 0, 0
40000, 37457, 0, 0, 0
40000, 18576, 1, 0, 0
44000, 37549, 0, 0, 0
44000, 18520, 1, 0, 0
48000, 37933, 0, 0, 0
48000, 18508, 1, 0, 0
52000, 38385, 0, 0, 0
52000, 19200, 1, 0, 0
56001, 37024, 0, 0, 0
56001, 18160, 1, 0, 0
