4000, 29960, 0, 0, 0
4000, 14964, 1, 0, 0
8000, 32076, 0, 0, 0
8000, 15700, 1, 0, 0
12000, 34884, 0, 0, 0
12000, 17344, 1, 0, 0
16001, 33408, 0, 0, 0
16001, 16220, 1, 0, 0
20000, 29019, 0, 0, 0
20000, 14267, 1, 0, 0
24001, 34088, 0, 0, 0
24001, 17224, 1, 0, 0
28000, 31579, 0, 0, 0
28000, 14935, 1, 0, 0
32000, 32880, 0, 0, 0
32000, 15711, 1, 0, 0
36000, 35700, 0, 0, 0
36000, 17884, 1, 0, 0
40000, 33068, 0, 0, 0
40000, 16360, 1, 0, 0
44000, 30568, 0, 0, 0
44000, 15072, 1, 0, 0
48000, 31751, 0, 0, 0
48000, 15543, 1, 0, 0
52000, 29955, 0, 0, 0
52000, 15131, 1, 0, 0
56000, 30323, 0, 0, 0
56000, 14763, 1, 0, 0
