4010, 94284, 0, 0, 0
4010, 46671, 1, 0, 0
8110, 94848, 0, 0, 0
8110, 46770, 1, 0, 0
12192, 96250, 0, 0, 0
12192, 46870, 1, 0, 0
16279, 99535, 0, 0, 0
16279, 48951, 1, 0, 0
20364, 95200, 0, 0, 0
20364, 47380, 1, 0, 0
24437, 95925, 0, 0, 0
24437, 47261, 1, 0, 0
28444, 95552, 0, 0, 0
28444, 48015, 1, 0, 0
32555, 96505, 0, 0, 0
32555, 48058, 1, 0, 0
36642, 97605, 0, 0, 0
36642, 47635, 1, 0, 0
40727, 95819, 0, 0, 0
40727, 47220, 1, 0, 0
44803, 96687, 0, 0, 0
44803, 48047, 1, 0, 0
48889, 95150, 0, 0, 0
48889, 47252, 1, 0, 0
53007, 95895, 0, 0, 0
53007, 47137, 1, 0, 0
57025, 95040, 0, 0, 0
57025, 47350, 1, 0, 0
