4000, 36920, 0, 0, 0
4000, 18460, 1, 0, 0
8000, 38460, 0, 0, 0
8000, 18740, 1, 0, 0
12000, 37733, 0, 0, 0
12000, 18528, 1, 0, 0
16000, 37921, 0, 0, 0
16000, 18812, 1, 0, 0
20000, 39188, 0, 0, 0
20000, 19408, 1, 0, 0
24000, 38545, 0, 0, 0
24000, 18412, 1, 0, 0
28000, 38392, 0, 0, 0
28000, 18672, 1, 0, 0
32000, 36100, 0, 0, 0
32000, 17940, 1, 0, 0
36000, 37772, 0, 0, 0
36000, 18936, 1, 0, 0
40000, 39721, 0, 0, 0
40000, 19200, 1, 0, 0
44000, 38185, 0, 0, 0
44000, 19248, 1, 0, 0
48000, 38581, 0, 0, 0
48000, 18672, 1, 0, 0
52000, 38100, 0, 0, 0
52000, 19168, 1, 0, 0
56000, 35220, 0, 0, 0
56000, 17336, 1, 0, 0
