4000, 36644, 0, 0, 0
4000, 18300, 1, 0, 0
8000, 38341, 0, 0, 0
8000, 18704, 1, 0, 0
12000, 37425, 0, 0, 0
12000, 18420, 1, 0, 0
16000, 38221, 0, 0, 0
16000, 18920, 1, 0, 0
20000, 38141, 0, 0, 0
20000, 18844, 1, 0, 0
24000, 36880, 0, 0, 0
24000, 17696, 1, 0, 0
28000, 35900, 0, 0, 0
28000, 17336, 1, 0, 0
32000, 37617, 0, 0, 0
32000, 18696, 1, 0, 0
36000, 37960, 0, 0, 0
36000, 18932, 1, 0, 0
40000, 37908, 0, 0, 0
40000, 18612, 1, 0, 0
44000, 37605, 0, 0, 0
44000, 18852, 1, 0, 0
48000, 37773, 0, 0, 0
48000, 18300, 1, 0, 0
52000, 36784, 0, 0, 0
52000, 18460, 1, 0, 0
56000, 39140, 0, 0, 0
56000, 19192, 1, 0, 0
