4010, 95042, 0, 0, 0
4010, 47022, 1, 0, 0
8131, 95246, 0, 0, 0
8131, 47145, 1, 0, 0
12212, 96376, 0, 0, 0
12212, 46662, 1, 0, 0
16286, 95187, 0, 0, 0
16286, 46896, 1, 0, 0
20301, 95414, 0, 0, 0
20301, 47485, 1, 0, 0
24416, 94755, 0, 0, 0
24416, 46588, 1, 0, 0
28519, 94401, 0, 0, 0
28519, 47539, 1, 0, 0
32617, 94922, 0, 0, 0
32617, 47277, 1, 0, 0
36718, 94568, 0, 0, 0
36718, 46341, 1, 0, 0
40823, 96327, 0, 0, 0
40823, 47040, 1, 0, 0
44928, 95192, 0, 0, 0
44928, 47567, 1, 0, 0
49032, 95555, 0, 0, 0
49032, 47282, 1, 0, 0
53128, 95738, 0, 0, 0
53128, 47027, 1, 0, 0
57229, 95808, 0, 0, 0
57229, 47804, 1, 0, 0
