4001, 30980, 0, 0, 0
4001, 15544, 1, 0, 0
8000, 21441, 0, 0, 0
8000, 10326, 1, 0, 0
12000, 31752, 0, 0, 0
12000, 15688, 1, 0, 0
16001, 27600, 0, 0, 0
16001, 13604, 1, 0, 0
20000, 23269, 0, 0, 0
20000, 11434, 1, 0, 0
24000, 31895, 0, 0, 0
24000, 15559, 1, 0, 0
28000, 25438, 0, 0, 0
28000, 12951, 1, 0, 0
32000, 25026, 0, 0, 0
32000, 12155, 1, 0, 0
36000, 32340, 0, 0, 0
36000, 15007, 1, 0, 0
40000, 31316, 0, 0, 0
40000, 15860, 1, 0, 0
44000, 31771, 0, 0, 0
44000, 15803, 1, 0, 0
48000, 20716, 0, 0, 0
48000, 10160, 1, 0, 0
52000, 28331, 0, 0, 0
52000, 13927, 1, 0, 0
56001, 28492, 0, 0, 0
56001, 13892, 1, 0, 0
60000, 19544, 0, 0, 0
60000, 9942, 1, 0, 0
