4000, 34972, 0, 0, 0
4000, 17484, 1, 0, 0
8000, 30008, 0, 0, 0
8000, 14500, 1, 0, 0
12000, 29976, 0, 0, 0
12000, 14996, 1, 0, 0
16000, 31479, 0, 0, 0
16000, 15231, 1, 0, 0
20000, 34816, 0, 0, 0
20000, 17216, 1, 0, 0
24000, 35804, 0, 0, 0
24000, 18060, 1, 0, 0
28000, 34280, 0, 0, 0
28000, 15971, 1, 0, 0
32001, 32244, 0, 0, 0
32001, 15704, 1, 0, 0
36000, 31739, 0, 0, 0
36000, 15839, 1, 0, 0
40000, 31544, 0, 0, 0
40000, 15676, 1, 0, 0
44001, 34244, 0, 0, 0
44001, 16920, 1, 0, 0
48000, 31247, 0, 0, 0
48000, 15327, 1, 0, 0
52000, 32972, 0, 0, 0
52000, 16520, 1, 0, 0
56000, 30708, 0, 0, 0
56000, 14848, 1, 0, 0
