4000, 34360, 0, 0, 0
4000, 17168, 1, 0, 0
8000, 31167, 0, 0, 0
8000, 15115, 1, 0, 0
12000, 30499, 0, 0, 0
12000, 15271, 1, 0, 0
16000, 30440, 0, 0, 0
16000, 14676, 1, 0, 0
20000, 29887, 0, 0, 0
20000, 14891, 1, 0, 0
24000, 33056, 0, 0, 0
24000, 16388, 1, 0, 0
28000, 32216, 0, 0, 0
28000, 15671, 1, 0, 0
32000, 31668, 0, 0, 0
32000, 14912, 1, 0, 0
36000, 31631, 0, 0, 0
36000, 16084, 1, 0, 0
40000, 32648, 0, 0, 0
40000, 16204, 1, 0, 0
44000, 33168, 0, 0, 0
44000, 16164, 1, 0, 0
48000, 31891, 0, 0, 0
48000, 15451, 1, 0, 0
52000, 31387, 0, 0, 0
52000, 16040, 1, 0, 0
56000, 32008, 0, 0, 0
56000, 15380, 1, 0, 0
60000, 28779, 0, 0, 0
60000, 14591, 1, 0, 0
