4000, 37944, 0, 0, 0
4000, 18960, 1, 0, 0
8000, 37812, 0, 0, 0
8000, 18388, 1, 0, 0
12000, 37432, 0, 0, 0
12000, 18392, 1, 0, 0
16000, 39060, 0, 0, 0
16000, 19328, 1, 0, 0
20000, 38705, 0, 0, 0
20000, 19264, 1, 0, 0
24000, 39128, 0, 0, 0
24000, 18652, 1, 0, 0
28000, 36636, 0, 0, 0
28000, 17812, 1, 0, 0
32000, 38020, 0, 0, 0
32000, 18968, 1, 0, 0
36000, 38045, 0, 0, 0
36000, 18924, 1, 0, 0
40000, 38372, 0, 0, 0
40000, 18636, 1, 0, 0
44001, 37532, 0, 0, 0
44001, 18932, 1, 0, 0
48000, 37365, 0, 0, 0
48000, 18052, 1, 0, 0
52000, 37592, 0, 0, 0
52000, 18844, 1, 0, 0
56000, 34640, 0, 0, 0
56000, 17072, 1, 0, 0
