4000, 37996, 0, 0, 0
4000, 19020, 1, 0, 0
8000, 39465, 0, 0, 0
8000, 19076, 1, 0, 0
12000, 38548, 0, 0, 0
12000, 18980, 1, 0, 0
16001, 38028, 0, 0, 0
16001, 18940, 1, 0, 0
20000, 35408, 0, 0, 0
20000, 17516, 1, 0, 0
24000, 36777, 0, 0, 0
24000, 17600, 1, 0, 0
28000, 36780, 0, 0, 0
28000, 17768, 1, 0, 0
32000, 38481, 0, 0, 0
32000, 19068, 1, 0, 0
36000, 37112, 0, 0, 0
36000, 18612, 1, 0, 0
40000, 38104, 0, 0, 0
40000, 18660, 1, 0, 0
44000, 38049, 0, 0, 0
44000, 19076, 1, 0, 0
48000, 35500, 0, 0, 0
48000, 17220, 1, 0, 0
52000, 37392, 0, 0, 0
52000, 18740, 1, 0, 0
56000, 39265, 0, 0, 0
56000, 19368, 1, 0, 0
