4000, 21456, 0, 0, 0
4000, 11008, 1, 0, 0
8000, 29679, 0, 0, 0
8000, 14187, 1, 0, 0
12000, 23184, 0, 0, 0
12000, 11428, 1, 0, 0
16000, 27256, 0, 0, 0
16000, 13556, 1, 0, 0
20000, 34416, 0, 0, 0
20000, 16864, 1, 0, 0
24000, 30708, 0, 0, 0
24000, 15008, 1, 0, 0
28000, 31724, 0, 0, 0
28000, 16104, 1, 0, 0
32000, 22852, 0, 0, 0
32000, 10860, 1, 0, 0
36000, 26254, 0, 0, 0
36000, 12335, 1, 0, 0
40000, 34952, 0, 0, 0
40000, 17568, 1, 0, 0
44000, 34372, 0, 0, 0
44000, 17060, 1, 0, 0
48000, 33004, 0, 0, 0
48000, 16112, 1, 0, 0
52000, 23273, 0, 0, 0
52000, 11562, 1, 0, 0
56001, 26780, 0, 0, 0
56001, 12976, 1, 0, 0
