4000, 38588, 0, 0, 0
4000, 19232, 1, 0, 0
8000, 37792, 0, 0, 0
8000, 18420, 1, 0, 0
12000, 39705, 0, 0, 0
12000, 19452, 1, 0, 0
16000, 38257, 0, 0, 0
16000, 19072, 1, 0, 0
20000, 39056, 0, 0, 0
20000, 19520, 1, 0, 0
24000, 37396, 0, 0, 0
24000, 17576, 1, 0, 0
28000, 39116, 0, 0, 0
28000, 19232, 1, 0, 0
32000, 37437, 0, 0, 0
32000, 18640, 1, 0, 0
36000, 36728, 0, 0, 0
36000, 18164, 1, 0, 0
40000, 38672, 0, 0, 0
40000, 18732, 1, 0, 0
44000, 37716, 0, 0, 0
44000, 19032, 1, 0, 0
48000, 37365, 0, 0, 0
48000, 18120, 1, 0, 0
52000, 38372, 0, 0, 0
52000, 19356, 1, 0, 0
56000, 35976, 0, 0, 0
56000, 17788, 1, 0, 0
