4000, 20772, 0, 0, 0
4000, 10648, 1, 0, 0
8000, 20141, 0, 0, 0
8000, 9710, 1, 0, 0
12000, 20557, 0, 0, 0
12000, 10022, 1, 0, 0
16001, 19856, 0, 0, 0
16001, 9824, 1, 0, 0
20000, 19972, 0, 0, 0
20000, 9838, 1, 0, 0
24001, 21314, 0, 0, 0
24001, 10117, 1, 0, 0
28000, 20445, 0, 0, 0
28000, 10378, 1, 0, 0
32000, 20029, 0, 0, 0
32000, 9886, 1, 0, 0
36000, 20560, 0, 0, 0
36000, 10240, 1, 0, 0
40000, 19800, 0, 0, 0
40000, 9938, 1, 0, 0
44000, 22181, 0, 0, 0
44000, 10278, 1, 0, 0
48000, 23616, 0, 0, 0
48000, 11200, 1, 0, 0
52000, 32212, 0, 0, 0
52000, 16288, 1, 0, 0
56000, 33656, 0, 0, 0
56000, 16644, 1, 0, 0
