4000, 38680, 0, 0, 0
4001, 19280, 1, 0, 0
8000, 38097, 0, 0, 0
8000, 18536, 1, 0, 0
12000, 38544, 0, 0, 0
12000, 18932, 1, 0, 0
16000, 36204, 0, 0, 0
16000, 18012, 1, 0, 0
20000, 37472, 0, 0, 0
20000, 18512, 1, 0, 0
24000, 37757, 0, 0, 0
24000, 18040, 1, 0, 0
28000, 38568, 0, 0, 0
28000, 18728, 1, 0, 0
32000, 38953, 0, 0, 0
32000, 19468, 1, 0, 0
36000, 38528, 0, 0, 0
36000, 19184, 1, 0, 0
40000, 35828, 0, 0, 0
40000, 17512, 1, 0, 0
44000, 37189, 0, 0, 0
44000, 18644, 1, 0, 0
48000, 37712, 0, 0, 0
48000, 18336, 1, 0, 0
52001, 39632, 0, 0, 0
52001, 19736, 1, 0, 0
56000, 37193, 0, 0, 0
56000, 18372, 1, 0, 0
