4000, 36880, 0, 0, 0
4000, 18428, 1, 0, 0
8000, 37977, 0, 0, 0
8000, 18492, 1, 0, 0
12000, 35676, 0, 0, 0
12000, 17760, 1, 0, 0
16001, 37208, 0, 0, 0
16001, 18120, 1, 0, 0
20000, 37629, 0, 0, 0
20000, 18740, 1, 0, 0
24000, 38860, 0, 0, 0
24000, 18760, 1, 0, 0
28000, 38232, 0, 0, 0
28000, 18356, 1, 0, 0
32000, 37921, 0, 0, 0
32000, 18804, 1, 0, 0
36000, 36896, 0, 0, 0
36000, 18452, 1, 0, 0
40000, 38424, 0, 0, 0
40000, 18852, 1, 0, 0
44000, 36492, 0, 0, 0
44000, 18340, 1, 0, 0
48000, 38540, 0, 0, 0
48000, 18688, 1, 0, 0
52000, 37089, 0, 0, 0
52000, 18616, 1, 0, 0
56000, 39212, 0, 0, 0
56000, 19276, 1, 0, 0
