4000, 36180, 0, 0, 0
4000, 18064, 1, 0, 0
8000, 37724, 0, 0, 0
8000, 18368, 1, 0, 0
12000, 36525, 0, 0, 0
12000, 18184, 1, 0, 0
16000, 39480, 0, 0, 0
16000, 19360, 1, 0, 0
20000, 37901, 0, 0, 0
20000, 18752, 1, 0, 0
24000, 39108, 0, 0, 0
24000, 18664, 1, 0, 0
28000, 38813, 0, 0, 0
28000, 18892, 1, 0, 0
32000, 36692, 0, 0, 0
32000, 18200, 1, 0, 0
36000, 39036, 0, 0, 0
36000, 19580, 1, 0, 0
40000, 35564, 0, 0, 0
40000, 17324, 1, 0, 0
44000, 37876, 0, 0, 0
44000, 19012, 1, 0, 0
48000, 38277, 0, 0, 0
48000, 18628, 1, 0, 0
52000, 38516, 0, 0, 0
52000, 19244, 1, 0, 0
56001, 38932, 0, 0, 0
56001, 19140, 1, 0, 0
