4000, 38156, 0, 0, 0
4000, 19060, 1, 0, 0
8000, 37672, 0, 0, 0
8000, 18324, 1, 0, 0
12000, 38165, 0, 0, 0
12000, 18828, 1, 0, 0
16000, 39157, 0, 0, 0
16000, 19388, 1, 0, 0
20000, 37621, 0, 0, 0
20000, 18660, 1, 0, 0
24000, 37337, 0, 0, 0
24000, 17740, 1, 0, 0
28000, 38832, 0, 0, 0
28000, 18924, 1, 0, 0
32000, 37885, 0, 0, 0
32000, 18880, 1, 0, 0
36000, 37129, 0, 0, 0
36000, 18488, 1, 0, 0
40000, 38352, 0, 0, 0
40000, 18628, 1, 0, 0
44000, 37276, 0, 0, 0
44000, 18836, 1, 0, 0
48000, 38013, 0, 0, 0
48000, 18332, 1, 0, 0
52000, 38389, 0, 0, 0
52000, 19260, 1, 0, 0
56000, 38337, 0, 0, 0
56000, 19092, 1, 0, 0
