4000, 31296, 0, 0, 0
4000, 15712, 1, 0, 0
8000, 34364, 0, 0, 0
8000, 16632, 1, 0, 0
12000, 35084, 0, 0, 0
12000, 17448, 1, 0, 0
16000, 29044, 0, 0, 0
16000, 14168, 1, 0, 0
20000, 29415, 0, 0, 0
20000, 14483, 1, 0, 0
24000, 32508, 0, 0, 0
24000, 16236, 1, 0, 0
28000, 33484, 0, 0, 0
28000, 16040, 1, 0, 0
32000, 33344, 0, 0, 0
32000, 16012, 1, 0, 0
36001, 31448, 0, 0, 0
36001, 15844, 1, 0, 0
40000, 30483, 0, 0, 0
40000, 15203, 1, 0, 0
44000, 31967, 0, 0, 0
44000, 15615, 1, 0, 0
48000, 34556, 0, 0, 0
48000, 16808, 1, 0, 0
52000, 31455, 0, 0, 0
52000, 15887, 1, 0, 0
56000, 29596, 0, 0, 0
56000, 14388, 1, 0, 0
