4000, 28508, 0, 0, 0
4000, 14280, 1, 0, 0
8000, 32604, 0, 0, 0
8000, 15860, 1, 0, 0
12000, 33524, 0, 0, 0
12000, 16728, 1, 0, 0
16000, 31192, 0, 0, 0
16000, 15024, 1, 0, 0
20000, 33560, 0, 0, 0
20000, 16620, 1, 0, 0
24000, 28704, 0, 0, 0
24000, 14336, 1, 0, 0
28000, 22473, 0, 0, 0
28000, 11286, 1, 0, 0
32000, 34716, 0, 0, 0
32000, 16128, 1, 0, 0
36000, 32056, 0, 0, 0
36000, 16140, 1, 0, 0
40000, 29820, 0, 0, 0
40000, 14616, 1, 0, 0
44000, 31835, 0, 0, 0
44000, 15767, 1, 0, 0
48000, 31016, 0, 0, 0
48000, 15404, 1, 0, 0
52000, 32684, 0, 0, 0
52000, 16060, 1, 0, 0
56000, 33272, 0, 0, 0
56000, 16460, 1, 0, 0
60000, 22965, 0, 0, 0
60000, 11074, 1, 0, 0
