4000, 30020, 0, 0, 0
4000, 15004, 1, 0, 0
8000, 30715, 0, 0, 0
8000, 14911, 1, 0, 0
12000, 30639, 0, 0, 0
12000, 15303, 1, 0, 0
16000, 34528, 0, 0, 0
16000, 16732, 1, 0, 0
20000, 30088, 0, 0, 0
20000, 14980, 1, 0, 0
24000, 31036, 0, 0, 0
24000, 15452, 1, 0, 0
28000, 33540, 0, 0, 0
28000, 16364, 1, 0, 0
32000, 31811, 0, 0, 0
32000, 14819, 1, 0, 0
36000, 31740, 0, 0, 0
36000, 16216, 1, 0, 0
40000, 32092, 0, 0, 0
40000, 15863, 1, 0, 0
44000, 30280, 0, 0, 0
44000, 14776, 1, 0, 0
48000, 32856, 0, 0, 0
48000, 16128, 1, 0, 0
52000, 33412, 0, 0, 0
52000, 16876, 1, 0, 0
56000, 33340, 0, 0, 0
56000, 16032, 1, 0, 0
