4000, 39412, 0, 0, 0
4000, 19668, 1, 0, 0
8000, 38453, 0, 0, 0
8000, 18616, 1, 0, 0
12000, 38809, 0, 0, 0
12000, 19152, 1, 0, 0
16000, 36633, 0, 0, 0
16000, 18244, 1, 0, 0
20000, 37756, 0, 0, 0
20000, 18712, 1, 0, 0
24001, 37188, 0, 0, 0
24001, 17664, 1, 0, 0
28000, 35392, 0, 0, 0
28000, 17136, 1, 0, 0
32000, 38769, 0, 0, 0
32000, 19292, 1, 0, 0
36000, 38497, 0, 0, 0
36000, 19368, 1, 0, 0
40000, 39169, 0, 0, 0
40000, 18980, 1, 0, 0
44001, 38016, 0, 0, 0
44001, 19124, 1, 0, 0
48000, 37653, 0, 0, 0
48000, 18208, 1, 0, 0
52000, 37232, 0, 0, 0
52000, 18652, 1, 0, 0
56000, 36677, 0, 0, 0
56000, 18076, 1, 0, 0
