4003, 93865, 0, 0, 0
4003, 46449, 1, 0, 0
8041, 96729, 0, 0, 0
8041, 47690, 1, 0, 0
12050, 96770, 0, 0, 0
12050, 47257, 1, 0, 0
16070, 96612, 0, 0, 0
16070, 47331, 1, 0, 0
20082, 95385, 0, 0, 0
20082, 47473, 1, 0, 0
24134, 97085, 0, 0, 0
24134, 47727, 1, 0, 0
28241, 95166, 0, 0, 0
28241, 47871, 1, 0, 0
32332, 95612, 0, 0, 0
32332, 47683, 1, 0, 0
36436, 95890, 0, 0, 0
36436, 46978, 1, 0, 0
40531, 96328, 0, 0, 0
40531, 47159, 1, 0, 0
44620, 95921, 0, 0, 0
44620, 47831, 1, 0, 0
48708, 96426, 0, 0, 0
48708, 47702, 1, 0, 0
52771, 96823, 0, 0, 0
52771, 47696, 1, 0, 0
56819, 95529, 0, 0, 0
56819, 47565, 1, 0, 0
