4000, 38200, 0, 0, 0
4000, 19076, 1, 0, 0
8000, 38485, 0, 0, 0
8000, 18696, 1, 0, 0
12000, 39860, 0, 0, 0
12000, 19592, 1, 0, 0
16000, 39068, 0, 0, 0
16000, 19372, 1, 0, 0
20000, 38705, 0, 0, 0
20000, 19440, 1, 0, 0
24000, 35500, 0, 0, 0
24000, 16668, 1, 0, 0
28000, 37652, 0, 0, 0
28000, 18324, 1, 0, 0
32000, 38628, 0, 0, 0
32000, 19292, 1, 0, 0
36000, 37528, 0, 0, 0
36000, 18620, 1, 0, 0
40000, 38348, 0, 0, 0
40000, 18592, 1, 0, 0
44000, 38137, 0, 0, 0
44000, 19220, 1, 0, 0
48000, 36184, 0, 0, 0
48000, 17556, 1, 0, 0
52000, 38593, 0, 0, 0
52000, 19344, 1, 0, 0
56001, 37956, 0, 0, 0
56001, 18996, 1, 0, 0
