4000, 33552, 0, 0, 0
4000, 16812, 1, 0, 0
8001, 32160, 0, 0, 0
8001, 15560, 1, 0, 0
12000, 28299, 0, 0, 0
12000, 14175, 1, 0, 0
16000, 34124, 0, 0, 0
16000, 16584, 1, 0, 0
20000, 34092, 0, 0, 0
20000, 16816, 1, 0, 0
24000, 32104, 0, 0, 0
24000, 16236, 1, 0, 0
28000, 31472, 0, 0, 0
28000, 14756, 1, 0, 0
32000, 33340, 0, 0, 0
32000, 16044, 1, 0, 0
36000, 30683, 0, 0, 0
36000, 15515, 1, 0, 0
40000, 33052, 0, 0, 0
40000, 16448, 1, 0, 0
44000, 34720, 0, 0, 0
44000, 16940, 1, 0, 0
48000, 34024, 0, 0, 0
48000, 16660, 1, 0, 0
52000, 35080, 0, 0, 0
52000, 17568, 1, 0, 0
56000, 34164, 0, 0, 0
56000, 16716, 1, 0, 0
