4000, 43396, 0, 0, 0
4000, 21536, 1, 0, 0
8000, 43816, 0, 0, 0
8000, 21624, 1, 0, 0
12000, 41584, 0, 0, 0
12000, 20288, 1, 0, 0
16000, 37605, 0, 0, 0
16000, 18472, 1, 0, 0
20001, 37916, 0, 0, 0
20001, 19056, 1, 0, 0
24000, 39373, 0, 0, 0
24000, 18548, 1, 0, 0
28000, 40948, 0, 0, 0
28000, 20528, 1, 0, 0
32000, 38965, 0, 0, 0
32000, 19188, 1, 0, 0
36000, 35904, 0, 0, 0
36000, 17664, 1, 0, 0
40000, 35388, 0, 0, 0
40000, 17348, 1, 0, 0
44000, 40162, 0, 0, 0
44000, 20041, 1, 0, 0
48000, 40316, 0, 0, 0
48000, 19988, 1, 0, 0
52000, 41628, 0, 0, 0
52000, 20448, 1, 0, 0
56000, 31135, 0, 0, 0
56000, 15287, 1, 0, 0
