4000, 37616, 0, 0, 0
4000, 18788, 1, 0, 0
8000, 41082, 0, 0, 0
8000, 19912, 1, 0, 0
12000, 37280, 0, 0, 0
12000, 18376, 1, 0, 0
16000, 39440, 0, 0, 0
16000, 19592, 1, 0, 0
20000, 38084, 0, 0, 0
20000, 19084, 1, 0, 0
24000, 38281, 0, 0, 0
24000, 17984, 1, 0, 0
28000, 36588, 0, 0, 0
28000, 17852, 1, 0, 0
32000, 37493, 0, 0, 0
32000, 18764, 1, 0, 0
36000, 39568, 0, 0, 0
36000, 19592, 1, 0, 0
40000, 39621, 0, 0, 0
40000, 19320, 1, 0, 0
44000, 37868, 0, 0, 0
44000, 19016, 1, 0, 0
48000, 37168, 0, 0, 0
48000, 18164, 1, 0, 0
52000, 36780, 0, 0, 0
52000, 18396, 1, 0, 0
56000, 38980, 0, 0, 0
56000, 19240, 1, 0, 0
