4010, 96087, 0, 0, 0
4010, 47585, 1, 0, 0
8087, 97330, 0, 0, 0
8087, 48078, 1, 0, 0
12164, 98417, 0, 0, 0
12164, 47642, 1, 0, 0
16240, 96632, 0, 0, 0
16240, 47744, 1, 0, 0
20321, 96215, 0, 0, 0
20321, 47756, 1, 0, 0
24406, 97375, 0, 0, 0
24406, 48203, 1, 0, 0
28497, 96457, 0, 0, 0
28497, 48352, 1, 0, 0
32562, 95630, 0, 0, 0
32562, 47598, 1, 0, 0
36629, 96243, 0, 0, 0
36629, 46870, 1, 0, 0
40709, 96643, 0, 0, 0
40709, 47741, 1, 0, 0
44772, 95169, 0, 0, 0
44772, 47539, 1, 0, 0
48809, 97042, 0, 0, 0
48809, 47666, 1, 0, 0
52893, 97422, 0, 0, 0
52893, 48023, 1, 0, 0
56973, 95615, 0, 0, 0
56973, 47819, 1, 0, 0
