4011, 96550, 0, 0, 0
4011, 47832, 1, 0, 0
8102, 96981, 0, 0, 0
8102, 47851, 1, 0, 0
12186, 97340, 0, 0, 0
12186, 47141, 1, 0, 0
16252, 96767, 0, 0, 0
16252, 47779, 1, 0, 0
20284, 96285, 0, 0, 0
20284, 47857, 1, 0, 0
24308, 96548, 0, 0, 0
24308, 47689, 1, 0, 0
28347, 95928, 0, 0, 0
28347, 48099, 1, 0, 0
32402, 96682, 0, 0, 0
32402, 48197, 1, 0, 0
36468, 98223, 0, 0, 0
36468, 47980, 1, 0, 0
40515, 96494, 0, 0, 0
40515, 47466, 1, 0, 0
44532, 96087, 0, 0, 0
44532, 47828, 1, 0, 0
48550, 96326, 0, 0, 0
48550, 47761, 1, 0, 0
52588, 97311, 0, 0, 0
52588, 47817, 1, 0, 0
56675, 95463, 0, 0, 0
56675, 47635, 1, 0, 0
