4000, 95464, 0, 0, 0
4000, 47232, 1, 0, 0
8000, 96280, 0, 0, 0
8000, 47495, 1, 0, 0
12001, 96419, 0, 0, 0
12001, 47016, 1, 0, 0
16056, 96343, 0, 0, 0
16056, 47210, 1, 0, 0
20086, 95622, 0, 0, 0
20086, 47741, 1, 0, 0
24096, 94718, 0, 0, 0
24096, 46603, 1, 0, 0
28105, 95481, 0, 0, 0
28105, 47800, 1, 0, 0
32134, 95571, 0, 0, 0
32134, 47888, 1, 0, 0
36141, 96047, 0, 0, 0
36141, 47173, 1, 0, 0
40146, 96895, 0, 0, 0
40146, 46905, 1, 0, 0
44172, 95280, 0, 0, 0
44172, 47717, 1, 0, 0
48217, 94365, 0, 0, 0
48217, 46611, 1, 0, 0
52278, 96189, 0, 0, 0
52278, 47322, 1, 0, 0
56305, 95960, 0, 0, 0
56305, 48011, 1, 0, 0
