4000, 39288, 0, 0, 0
4000, 19592, 1, 0, 0
8000, 39236, 0, 0, 0
8000, 19024, 1, 0, 0
12000, 34720, 0, 0, 0
12000, 17176, 1, 0, 0
16000, 37189, 0, 0, 0
16000, 18464, 1, 0, 0
20000, 37516, 0, 0, 0
20000, 18536, 1, 0, 0
24000, 38548, 0, 0, 0
24000, 18440, 1, 0, 0
28000, 39573, 0, 0, 0
28000, 19200, 1, 0, 0
32000, 39240, 0, 0, 0
32000, 19640, 1, 0, 0
36000, 37468, 0, 0, 0
36000, 18612, 1, 0, 0
40000, 35308, 0, 0, 0
40000, 17240, 1, 0, 0
44000, 37444, 0, 0, 0
44000, 18780, 1, 0, 0
48001, 37632, 0, 0, 0
48001, 18320, 1, 0, 0
52000, 37125, 0, 0, 0
52000, 18544, 1, 0, 0
56000, 38388, 0, 0, 0
56000, 18840, 1, 0, 0
