4000, 36080, 0, 0, 0
4000, 18016, 1, 0, 0
8000, 39600, 0, 0, 0
8000, 19316, 1, 0, 0
12000, 39788, 0, 0, 0
12000, 19540, 1, 0, 0
16000, 39168, 0, 0, 0
16000, 19388, 1, 0, 0
20000, 37125, 0, 0, 0
20000, 18464, 1, 0, 0
24000, 39624, 0, 0, 0
24000, 18792, 1, 0, 0
28000, 38092, 0, 0, 0
28000, 18724, 1, 0, 0
32000, 37969, 0, 0, 0
32000, 18960, 1, 0, 0
36000, 39396, 0, 0, 0
36000, 19448, 1, 0, 0
40000, 40056, 0, 0, 0
40000, 19496, 1, 0, 0
44000, 38324, 0, 0, 0
44000, 19268, 1, 0, 0
48000, 38497, 0, 0, 0
48000, 18808, 1, 0, 0
52000, 36840, 0, 0, 0
52000, 18188, 1, 0, 0
56000, 34588, 0, 0, 0
56000, 17392, 1, 0, 0
